<?xml version="1.0" encoding="UTF-8"?>
<!-- Generated by org.testng.reporters.JUnitReportReporter -->
<testsuite hostname="Cybershree" failures="0" tests="1" name="runners.TestRunner" time="88.709" errors="0" timestamp="2025-09-14T21:15:37 IST" skipped="0">
  <testcase classname="runners.TestRunner" name="runScenario" time="88.709"/>
</testsuite> <!-- runners.TestRunner -->
